==30931== Memcheck, a memory error detector
==30931== Copyright (C) 2002-2017, and GNU GPL'd, by Julian Seward et al.
==30931== Using Valgrind-3.13.0 and LibVEX; rerun with -h for copyright info
==30931== Command: ./spell_check test1.txt wordlist.txt
==30931== Parent PID: 25275
==30931== 
==30931== Conditional jump or move depends on uninitialised value(s)
==30931==    at 0x108EBF: add_to_hashmap (spell.c:104)
==30931==    by 0x108FD8: load_dictionary (spell.c:141)
==30931==    by 0x1090C1: main (in /vagrant/spell_check)
==30931==  Uninitialised value was created by a stack allocation
==30931==    at 0x10904F: main (in /vagrant/spell_check)
==30931== 
==30931== Invalid write of size 1
==30931==    at 0x4C32E0D: strcpy (in /usr/lib/valgrind/vgpreload_memcheck-amd64-linux.so)
==30931==    by 0x108E1B: check_words (spell.c:85)
==30931==    by 0x1090FB: main (in /vagrant/spell_check)
==30931==  Address 0x6aa12a4 is 0 bytes after a block of size 4 alloc'd
==30931==    at 0x4C2FB0F: malloc (in /usr/lib/valgrind/vgpreload_memcheck-amd64-linux.so)
==30931==    by 0x108DF2: check_words (spell.c:84)
==30931==    by 0x1090FB: main (in /vagrant/spell_check)
==30931== 
==30931== 
==30931== HEAP SUMMARY:
==30931==     in use at exit: 6,896,004 bytes in 123,157 blocks
==30931==   total heap usage: 246,292 allocs, 123,135 frees, 8,091,407 bytes allocated
==30931== 
==30931== 13 bytes in 3 blocks are definitely lost in loss record 1 of 5
==30931==    at 0x4C2FB0F: malloc (in /usr/lib/valgrind/vgpreload_memcheck-amd64-linux.so)
==30931==    by 0x108DF2: check_words (spell.c:84)
==30931==    by 0x1090FB: main (in /vagrant/spell_check)
==30931== 
==30931== 103 bytes in 22 blocks are definitely lost in loss record 2 of 5
==30931==    at 0x4C2FB0F: malloc (in /usr/lib/valgrind/vgpreload_memcheck-amd64-linux.so)
==30931==    by 0x108B49: check_word (spell.c:13)
==30931==    by 0x108DBB: check_words (spell.c:82)
==30931==    by 0x1090FB: main (in /vagrant/spell_check)
==30931== 
==30931== 6,895,336 (99,848 direct, 6,795,488 indirect) bytes in 1,783 blocks are definitely lost in loss record 5 of 5
==30931==    at 0x4C2FB0F: malloc (in /usr/lib/valgrind/vgpreload_memcheck-amd64-linux.so)
==30931==    by 0x108E7F: add_to_hashmap (spell.c:98)
==30931==    by 0x108FD8: load_dictionary (spell.c:141)
==30931==    by 0x1090C1: main (in /vagrant/spell_check)
==30931== 
==30931== LEAK SUMMARY:
==30931==    definitely lost: 99,964 bytes in 1,808 blocks
==30931==    indirectly lost: 6,795,488 bytes in 121,348 blocks
==30931==      possibly lost: 0 bytes in 0 blocks
==30931==    still reachable: 552 bytes in 1 blocks
==30931==         suppressed: 0 bytes in 0 blocks
==30931== Reachable blocks (those to which a pointer was found) are not shown.
==30931== To see them, rerun with: --leak-check=full --show-leak-kinds=all
==30931== 
==30931== For counts of detected and suppressed errors, rerun with: -v
==30931== ERROR SUMMARY: 1789 errors from 5 contexts (suppressed: 0 from 0)
