==17759== Memcheck, a memory error detector
==17759== Copyright (C) 2002-2017, and GNU GPL'd, by Julian Seward et al.
==17759== Using Valgrind-3.13.0 and LibVEX; rerun with -h for copyright info
==17759== Command: ./spell_check test1.txt wordlist.txt
==17759== Parent PID: 2343
==17759== 
==17759== Conditional jump or move depends on uninitialised value(s)
==17759==    at 0x108EBF: add_to_hashmap (spell.c:104)
==17759==    by 0x108FF0: load_dictionary (spell.c:144)
==17759==    by 0x1090E5: main (in /vagrant/spell_check)
==17759==  Uninitialised value was created by a stack allocation
==17759==    at 0x109073: main (in /vagrant/spell_check)
==17759== 
==17759== Invalid read of size 1
==17759==    at 0x4C3361E: strcasecmp (in /usr/lib/valgrind/vgpreload_memcheck-amd64-linux.so)
==17759==    by 0x108BE7: check_word (spell.c:25)
==17759==    by 0x108DBB: check_words (spell.c:82)
==17759==    by 0x10911F: main (in /vagrant/spell_check)
==17759==  Address 0x69180a0 is 0 bytes inside a block of size 56 free'd
==17759==    at 0x4C30D3B: free (in /usr/lib/valgrind/vgpreload_memcheck-amd64-linux.so)
==17759==    by 0x108F01: add_to_hashmap (spell.c:112)
==17759==    by 0x108FF0: load_dictionary (spell.c:144)
==17759==    by 0x1090E5: main (in /vagrant/spell_check)
==17759==  Block was alloc'd at
==17759==    at 0x4C2FB0F: malloc (in /usr/lib/valgrind/vgpreload_memcheck-amd64-linux.so)
==17759==    by 0x108E7F: add_to_hashmap (spell.c:98)
==17759==    by 0x108FF0: load_dictionary (spell.c:144)
==17759==    by 0x1090E5: main (in /vagrant/spell_check)
==17759== 
==17759== Invalid read of size 8
==17759==    at 0x108BF7: check_word (spell.c:29)
==17759==    by 0x108DBB: check_words (spell.c:82)
==17759==    by 0x10911F: main (in /vagrant/spell_check)
==17759==  Address 0x69180d0 is 48 bytes inside a block of size 56 free'd
==17759==    at 0x4C30D3B: free (in /usr/lib/valgrind/vgpreload_memcheck-amd64-linux.so)
==17759==    by 0x108F01: add_to_hashmap (spell.c:112)
==17759==    by 0x108FF0: load_dictionary (spell.c:144)
==17759==    by 0x1090E5: main (in /vagrant/spell_check)
==17759==  Block was alloc'd at
==17759==    at 0x4C2FB0F: malloc (in /usr/lib/valgrind/vgpreload_memcheck-amd64-linux.so)
==17759==    by 0x108E7F: add_to_hashmap (spell.c:98)
==17759==    by 0x108FF0: load_dictionary (spell.c:144)
==17759==    by 0x1090E5: main (in /vagrant/spell_check)
==17759== 
==17759== Invalid write of size 1
==17759==    at 0x4C32E0D: strcpy (in /usr/lib/valgrind/vgpreload_memcheck-amd64-linux.so)
==17759==    by 0x108E1B: check_words (spell.c:85)
==17759==    by 0x10911F: main (in /vagrant/spell_check)
==17759==  Address 0x6aa12a4 is 0 bytes after a block of size 4 alloc'd
==17759==    at 0x4C2FB0F: malloc (in /usr/lib/valgrind/vgpreload_memcheck-amd64-linux.so)
==17759==    by 0x108DF2: check_words (spell.c:84)
==17759==    by 0x10911F: main (in /vagrant/spell_check)
==17759== 
==17759== 
==17759== HEAP SUMMARY:
==17759==     in use at exit: 116 bytes in 25 blocks
==17759==   total heap usage: 246,292 allocs, 246,267 frees, 8,091,407 bytes allocated
==17759== 
==17759== 13 bytes in 3 blocks are definitely lost in loss record 1 of 2
==17759==    at 0x4C2FB0F: malloc (in /usr/lib/valgrind/vgpreload_memcheck-amd64-linux.so)
==17759==    by 0x108DF2: check_words (spell.c:84)
==17759==    by 0x10911F: main (in /vagrant/spell_check)
==17759== 
==17759== 103 bytes in 22 blocks are definitely lost in loss record 2 of 2
==17759==    at 0x4C2FB0F: malloc (in /usr/lib/valgrind/vgpreload_memcheck-amd64-linux.so)
==17759==    by 0x108B49: check_word (spell.c:13)
==17759==    by 0x108DBB: check_words (spell.c:82)
==17759==    by 0x10911F: main (in /vagrant/spell_check)
==17759== 
==17759== LEAK SUMMARY:
==17759==    definitely lost: 116 bytes in 25 blocks
==17759==    indirectly lost: 0 bytes in 0 blocks
==17759==      possibly lost: 0 bytes in 0 blocks
==17759==    still reachable: 0 bytes in 0 blocks
==17759==         suppressed: 0 bytes in 0 blocks
==17759== 
==17759== For counts of detected and suppressed errors, rerun with: -v
==17759== ERROR SUMMARY: 3854 errors from 6 contexts (suppressed: 0 from 0)
