==17542== Memcheck, a memory error detector
==17542== Copyright (C) 2002-2017, and GNU GPL'd, by Julian Seward et al.
==17542== Using Valgrind-3.13.0 and LibVEX; rerun with -h for copyright info
==17542== Command: ./spell_check test1.txt wordlist.txt
==17542== Parent PID: 2343
==17542== 
==17542== Conditional jump or move depends on uninitialised value(s)
==17542==    at 0x108EBF: add_to_hashmap (spell.c:104)
==17542==    by 0x108FD8: load_dictionary (spell.c:141)
==17542==    by 0x1090C1: main (in /vagrant/spell_check)
==17542==  Uninitialised value was created by a stack allocation
==17542==    at 0x10904F: main (in /vagrant/spell_check)
==17542== 
==17542== Invalid write of size 1
==17542==    at 0x4C32E0D: strcpy (in /usr/lib/valgrind/vgpreload_memcheck-amd64-linux.so)
==17542==    by 0x108E1B: check_words (spell.c:85)
==17542==    by 0x1090FB: main (in /vagrant/spell_check)
==17542==  Address 0x6aa12a4 is 0 bytes after a block of size 4 alloc'd
==17542==    at 0x4C2FB0F: malloc (in /usr/lib/valgrind/vgpreload_memcheck-amd64-linux.so)
==17542==    by 0x108DF2: check_words (spell.c:84)
==17542==    by 0x1090FB: main (in /vagrant/spell_check)
==17542== 
==17542== 
==17542== HEAP SUMMARY:
==17542==     in use at exit: 6,896,004 bytes in 123,157 blocks
==17542==   total heap usage: 246,292 allocs, 123,135 frees, 8,091,407 bytes allocated
==17542== 
==17542== 13 bytes in 3 blocks are definitely lost in loss record 1 of 5
==17542==    at 0x4C2FB0F: malloc (in /usr/lib/valgrind/vgpreload_memcheck-amd64-linux.so)
==17542==    by 0x108DF2: check_words (spell.c:84)
==17542==    by 0x1090FB: main (in /vagrant/spell_check)
==17542== 
==17542== 103 bytes in 22 blocks are definitely lost in loss record 2 of 5
==17542==    at 0x4C2FB0F: malloc (in /usr/lib/valgrind/vgpreload_memcheck-amd64-linux.so)
==17542==    by 0x108B49: check_word (spell.c:13)
==17542==    by 0x108DBB: check_words (spell.c:82)
==17542==    by 0x1090FB: main (in /vagrant/spell_check)
==17542== 
==17542== 552 bytes in 1 blocks are still reachable in loss record 3 of 5
==17542==    at 0x4C2FB0F: malloc (in /usr/lib/valgrind/vgpreload_memcheck-amd64-linux.so)
==17542==    by 0x4EBAE49: __fopen_internal (iofopen.c:65)
==17542==    by 0x4EBAE49: fopen@@GLIBC_2.2.5 (iofopen.c:89)
==17542==    by 0x1090D4: main (in /vagrant/spell_check)
==17542== 
==17542== 6,795,488 bytes in 121,348 blocks are indirectly lost in loss record 4 of 5
==17542==    at 0x4C2FB0F: malloc (in /usr/lib/valgrind/vgpreload_memcheck-amd64-linux.so)
==17542==    by 0x108E7F: add_to_hashmap (spell.c:98)
==17542==    by 0x108FD8: load_dictionary (spell.c:141)
==17542==    by 0x1090C1: main (in /vagrant/spell_check)
==17542== 
==17542== 6,895,336 (99,848 direct, 6,795,488 indirect) bytes in 1,783 blocks are definitely lost in loss record 5 of 5
==17542==    at 0x4C2FB0F: malloc (in /usr/lib/valgrind/vgpreload_memcheck-amd64-linux.so)
==17542==    by 0x108E7F: add_to_hashmap (spell.c:98)
==17542==    by 0x108FD8: load_dictionary (spell.c:141)
==17542==    by 0x1090C1: main (in /vagrant/spell_check)
==17542== 
==17542== LEAK SUMMARY:
==17542==    definitely lost: 99,964 bytes in 1,808 blocks
==17542==    indirectly lost: 6,795,488 bytes in 121,348 blocks
==17542==      possibly lost: 0 bytes in 0 blocks
==17542==    still reachable: 552 bytes in 1 blocks
==17542==         suppressed: 0 bytes in 0 blocks
==17542== 
==17542== For counts of detected and suppressed errors, rerun with: -v
==17542== ERROR SUMMARY: 1789 errors from 5 contexts (suppressed: 0 from 0)
