==17553== Memcheck, a memory error detector
==17553== Copyright (C) 2002-2017, and GNU GPL'd, by Julian Seward et al.
==17553== Using Valgrind-3.13.0 and LibVEX; rerun with -h for copyright info
==17553== Command: ./spell_check test1.txt wordlist.txt
==17553== Parent PID: 2343
==17553== 
==17553== Conditional jump or move depends on uninitialised value(s)
==17553==    at 0x108EBF: add_to_hashmap (spell.c:104)
==17553==    by 0x108FE4: load_dictionary (spell.c:143)
==17553==    by 0x1090CD: main (in /vagrant/spell_check)
==17553==  Uninitialised value was created by a stack allocation
==17553==    at 0x10905B: main (in /vagrant/spell_check)
==17553== 
==17553== Invalid read of size 1
==17553==    at 0x4C3361E: strcasecmp (in /usr/lib/valgrind/vgpreload_memcheck-amd64-linux.so)
==17553==    by 0x108BE7: check_word (spell.c:25)
==17553==    by 0x108DBB: check_words (spell.c:82)
==17553==    by 0x109107: main (in /vagrant/spell_check)
==17553==  Address 0x69180a0 is 0 bytes inside a block of size 56 free'd
==17553==    at 0x4C30D3B: free (in /usr/lib/valgrind/vgpreload_memcheck-amd64-linux.so)
==17553==    by 0x108F01: add_to_hashmap (spell.c:112)
==17553==    by 0x108FE4: load_dictionary (spell.c:143)
==17553==    by 0x1090CD: main (in /vagrant/spell_check)
==17553==  Block was alloc'd at
==17553==    at 0x4C2FB0F: malloc (in /usr/lib/valgrind/vgpreload_memcheck-amd64-linux.so)
==17553==    by 0x108E7F: add_to_hashmap (spell.c:98)
==17553==    by 0x108FE4: load_dictionary (spell.c:143)
==17553==    by 0x1090CD: main (in /vagrant/spell_check)
==17553== 
==17553== Invalid read of size 8
==17553==    at 0x108BF7: check_word (spell.c:29)
==17553==    by 0x108DBB: check_words (spell.c:82)
==17553==    by 0x109107: main (in /vagrant/spell_check)
==17553==  Address 0x69180d0 is 48 bytes inside a block of size 56 free'd
==17553==    at 0x4C30D3B: free (in /usr/lib/valgrind/vgpreload_memcheck-amd64-linux.so)
==17553==    by 0x108F01: add_to_hashmap (spell.c:112)
==17553==    by 0x108FE4: load_dictionary (spell.c:143)
==17553==    by 0x1090CD: main (in /vagrant/spell_check)
==17553==  Block was alloc'd at
==17553==    at 0x4C2FB0F: malloc (in /usr/lib/valgrind/vgpreload_memcheck-amd64-linux.so)
==17553==    by 0x108E7F: add_to_hashmap (spell.c:98)
==17553==    by 0x108FE4: load_dictionary (spell.c:143)
==17553==    by 0x1090CD: main (in /vagrant/spell_check)
==17553== 
==17553== Invalid write of size 1
==17553==    at 0x4C32E0D: strcpy (in /usr/lib/valgrind/vgpreload_memcheck-amd64-linux.so)
==17553==    by 0x108E1B: check_words (spell.c:85)
==17553==    by 0x109107: main (in /vagrant/spell_check)
==17553==  Address 0x6aa12a4 is 0 bytes after a block of size 4 alloc'd
==17553==    at 0x4C2FB0F: malloc (in /usr/lib/valgrind/vgpreload_memcheck-amd64-linux.so)
==17553==    by 0x108DF2: check_words (spell.c:84)
==17553==    by 0x109107: main (in /vagrant/spell_check)
==17553== 
==17553== 
==17553== HEAP SUMMARY:
==17553==     in use at exit: 668 bytes in 26 blocks
==17553==   total heap usage: 246,292 allocs, 246,266 frees, 8,091,407 bytes allocated
==17553== 
==17553== 13 bytes in 3 blocks are definitely lost in loss record 1 of 3
==17553==    at 0x4C2FB0F: malloc (in /usr/lib/valgrind/vgpreload_memcheck-amd64-linux.so)
==17553==    by 0x108DF2: check_words (spell.c:84)
==17553==    by 0x109107: main (in /vagrant/spell_check)
==17553== 
==17553== 103 bytes in 22 blocks are definitely lost in loss record 2 of 3
==17553==    at 0x4C2FB0F: malloc (in /usr/lib/valgrind/vgpreload_memcheck-amd64-linux.so)
==17553==    by 0x108B49: check_word (spell.c:13)
==17553==    by 0x108DBB: check_words (spell.c:82)
==17553==    by 0x109107: main (in /vagrant/spell_check)
==17553== 
==17553== 552 bytes in 1 blocks are still reachable in loss record 3 of 3
==17553==    at 0x4C2FB0F: malloc (in /usr/lib/valgrind/vgpreload_memcheck-amd64-linux.so)
==17553==    by 0x4EBAE49: __fopen_internal (iofopen.c:65)
==17553==    by 0x4EBAE49: fopen@@GLIBC_2.2.5 (iofopen.c:89)
==17553==    by 0x1090E0: main (in /vagrant/spell_check)
==17553== 
==17553== LEAK SUMMARY:
==17553==    definitely lost: 116 bytes in 25 blocks
==17553==    indirectly lost: 0 bytes in 0 blocks
==17553==      possibly lost: 0 bytes in 0 blocks
==17553==    still reachable: 552 bytes in 1 blocks
==17553==         suppressed: 0 bytes in 0 blocks
==17553== 
==17553== For counts of detected and suppressed errors, rerun with: -v
==17553== ERROR SUMMARY: 3854 errors from 6 contexts (suppressed: 0 from 0)
