==11303== Memcheck, a memory error detector
==11303== Copyright (C) 2002-2017, and GNU GPL'd, by Julian Seward et al.
==11303== Using Valgrind-3.13.0 and LibVEX; rerun with -h for copyright info
==11303== Command: ./spell_check test_worlist.txt wordlist.txt
==11303== Parent PID: 9011
==11303== 
--11303-- 
--11303-- Valgrind options:
--11303--    -v
--11303--    --tool=memcheck
--11303--    --leak-check=yes
--11303--    --leak-check=full
--11303--    --show-leak-kinds=all
--11303--    --track-origins=yes
--11303--    --log-file=verbose_valgrind.log
--11303-- Contents of /proc/version:
--11303--   Linux version 4.15.0-64-generic (buildd@lgw01-amd64-038) (gcc version 7.4.0 (Ubuntu 7.4.0-1ubuntu1~18.04.1)) #73-Ubuntu SMP Thu Sep 12 13:16:13 UTC 2019
--11303-- 
--11303-- Arch and hwcaps: AMD64, LittleEndian, amd64-cx16-lzcnt-rdtscp-sse3-avx-avx2
--11303-- Page sizes: currently 4096, max supported 4096
--11303-- Valgrind library directory: /usr/lib/valgrind
--11303-- Reading syms from /vagrant/spell_check
--11303-- Reading syms from /lib/x86_64-linux-gnu/ld-2.27.so
--11303--   Considering /lib/x86_64-linux-gnu/ld-2.27.so ..
--11303--   .. CRC mismatch (computed 1b7c895e wanted 2943108a)
--11303--   Considering /usr/lib/debug/lib/x86_64-linux-gnu/ld-2.27.so ..
--11303--   .. CRC is valid
--11303-- Reading syms from /usr/lib/valgrind/memcheck-amd64-linux
--11303--   Considering /usr/lib/valgrind/memcheck-amd64-linux ..
--11303--   .. CRC mismatch (computed c25f395c wanted 0a9602a8)
--11303--    object doesn't have a symbol table
--11303--    object doesn't have a dynamic symbol table
--11303-- Scheduler: using generic scheduler lock implementation.
--11303-- Reading suppressions file: /usr/lib/valgrind/default.supp
==11303== embedded gdbserver: reading from /tmp/vgdb-pipe-from-vgdb-to-11303-by-vagrant-on-???
==11303== embedded gdbserver: writing to   /tmp/vgdb-pipe-to-vgdb-from-11303-by-vagrant-on-???
==11303== embedded gdbserver: shared mem   /tmp/vgdb-pipe-shared-mem-vgdb-11303-by-vagrant-on-???
==11303== 
==11303== TO CONTROL THIS PROCESS USING vgdb (which you probably
==11303== don't want to do, unless you know exactly what you're doing,
==11303== or are doing some strange experiment):
==11303==   /usr/lib/valgrind/../../bin/vgdb --pid=11303 ...command...
==11303== 
==11303== TO DEBUG THIS PROCESS USING GDB: start GDB like this
==11303==   /path/to/gdb ./spell_check
==11303== and then give GDB the following command
==11303==   target remote | /usr/lib/valgrind/../../bin/vgdb --pid=11303
==11303== --pid is optional if only one valgrind process is running
==11303== 
--11303-- REDIR: 0x401f2f0 (ld-linux-x86-64.so.2:strlen) redirected to 0x58060901 (???)
--11303-- REDIR: 0x401f0d0 (ld-linux-x86-64.so.2:index) redirected to 0x5806091b (???)
--11303-- Reading syms from /usr/lib/valgrind/vgpreload_core-amd64-linux.so
--11303--   Considering /usr/lib/valgrind/vgpreload_core-amd64-linux.so ..
--11303--   .. CRC mismatch (computed 4b63d83e wanted 670599e6)
--11303--    object doesn't have a symbol table
--11303-- Reading syms from /usr/lib/valgrind/vgpreload_memcheck-amd64-linux.so
--11303--   Considering /usr/lib/valgrind/vgpreload_memcheck-amd64-linux.so ..
--11303--   .. CRC mismatch (computed a4b37bee wanted 8ad4dc94)
--11303--    object doesn't have a symbol table
==11303== WARNING: new redirection conflicts with existing -- ignoring it
--11303--     old: 0x0401f2f0 (strlen              ) R-> (0000.0) 0x58060901 ???
--11303--     new: 0x0401f2f0 (strlen              ) R-> (2007.0) 0x04c32db0 strlen
--11303-- REDIR: 0x401d360 (ld-linux-x86-64.so.2:strcmp) redirected to 0x4c33ee0 (strcmp)
--11303-- REDIR: 0x401f830 (ld-linux-x86-64.so.2:mempcpy) redirected to 0x4c374f0 (mempcpy)
--11303-- Reading syms from /lib/x86_64-linux-gnu/libc-2.27.so
--11303--   Considering /lib/x86_64-linux-gnu/libc-2.27.so ..
--11303--   .. CRC mismatch (computed b1c74187 wanted 042cc048)
--11303--   Considering /usr/lib/debug/lib/x86_64-linux-gnu/libc-2.27.so ..
--11303--   .. CRC is valid
--11303-- REDIR: 0x4edac70 (libc.so.6:memmove) redirected to 0x4a2a6e0 (_vgnU_ifunc_wrapper)
--11303-- REDIR: 0x4ed9d40 (libc.so.6:strncpy) redirected to 0x4a2a6e0 (_vgnU_ifunc_wrapper)
--11303-- REDIR: 0x4edaf50 (libc.so.6:strcasecmp) redirected to 0x4a2a6e0 (_vgnU_ifunc_wrapper)
--11303-- REDIR: 0x4ed9790 (libc.so.6:strcat) redirected to 0x4a2a6e0 (_vgnU_ifunc_wrapper)
--11303-- REDIR: 0x4ed9d70 (libc.so.6:rindex) redirected to 0x4a2a6e0 (_vgnU_ifunc_wrapper)
--11303-- REDIR: 0x4edc7c0 (libc.so.6:rawmemchr) redirected to 0x4a2a6e0 (_vgnU_ifunc_wrapper)
--11303-- REDIR: 0x4edade0 (libc.so.6:mempcpy) redirected to 0x4a2a6e0 (_vgnU_ifunc_wrapper)
--11303-- REDIR: 0x4edac10 (libc.so.6:bcmp) redirected to 0x4a2a6e0 (_vgnU_ifunc_wrapper)
--11303-- REDIR: 0x4ed9d00 (libc.so.6:strncmp) redirected to 0x4a2a6e0 (_vgnU_ifunc_wrapper)
--11303-- REDIR: 0x4ed9800 (libc.so.6:strcmp) redirected to 0x4a2a6e0 (_vgnU_ifunc_wrapper)
--11303-- REDIR: 0x4edad40 (libc.so.6:memset) redirected to 0x4a2a6e0 (_vgnU_ifunc_wrapper)
--11303-- REDIR: 0x4ef80f0 (libc.so.6:wcschr) redirected to 0x4a2a6e0 (_vgnU_ifunc_wrapper)
--11303-- REDIR: 0x4ed9ca0 (libc.so.6:strnlen) redirected to 0x4a2a6e0 (_vgnU_ifunc_wrapper)
--11303-- REDIR: 0x4ed9870 (libc.so.6:strcspn) redirected to 0x4a2a6e0 (_vgnU_ifunc_wrapper)
--11303-- REDIR: 0x4edafa0 (libc.so.6:strncasecmp) redirected to 0x4a2a6e0 (_vgnU_ifunc_wrapper)
--11303-- REDIR: 0x4ed9840 (libc.so.6:strcpy) redirected to 0x4a2a6e0 (_vgnU_ifunc_wrapper)
--11303-- REDIR: 0x4edb0e0 (libc.so.6:memcpy@@GLIBC_2.14) redirected to 0x4a2a6e0 (_vgnU_ifunc_wrapper)
--11303-- REDIR: 0x4ed9da0 (libc.so.6:strpbrk) redirected to 0x4a2a6e0 (_vgnU_ifunc_wrapper)
--11303-- REDIR: 0x4ed97c0 (libc.so.6:index) redirected to 0x4a2a6e0 (_vgnU_ifunc_wrapper)
--11303-- REDIR: 0x4ed9c70 (libc.so.6:strlen) redirected to 0x4a2a6e0 (_vgnU_ifunc_wrapper)
--11303-- REDIR: 0x4ee46c0 (libc.so.6:memrchr) redirected to 0x4a2a6e0 (_vgnU_ifunc_wrapper)
--11303-- REDIR: 0x4edaff0 (libc.so.6:strcasecmp_l) redirected to 0x4a2a6e0 (_vgnU_ifunc_wrapper)
--11303-- REDIR: 0x4edabe0 (libc.so.6:memchr) redirected to 0x4a2a6e0 (_vgnU_ifunc_wrapper)
--11303-- REDIR: 0x4ef8eb0 (libc.so.6:wcslen) redirected to 0x4a2a6e0 (_vgnU_ifunc_wrapper)
--11303-- REDIR: 0x4eda050 (libc.so.6:strspn) redirected to 0x4a2a6e0 (_vgnU_ifunc_wrapper)
--11303-- REDIR: 0x4edaf20 (libc.so.6:stpncpy) redirected to 0x4a2a6e0 (_vgnU_ifunc_wrapper)
--11303-- REDIR: 0x4edaef0 (libc.so.6:stpcpy) redirected to 0x4a2a6e0 (_vgnU_ifunc_wrapper)
--11303-- REDIR: 0x4edc7f0 (libc.so.6:strchrnul) redirected to 0x4a2a6e0 (_vgnU_ifunc_wrapper)
--11303-- REDIR: 0x4edb040 (libc.so.6:strncasecmp_l) redirected to 0x4a2a6e0 (_vgnU_ifunc_wrapper)
--11303-- REDIR: 0x4fca3c0 (libc.so.6:__strrchr_avx2) redirected to 0x4c32730 (rindex)
--11303-- REDIR: 0x4fb7950 (libc.so.6:__strcpy_ssse3) redirected to 0x4c32dd0 (strcpy)
--11303-- REDIR: 0x4ed3070 (libc.so.6:malloc) redirected to 0x4c2faa0 (malloc)
--11303-- REDIR: 0x4eda590 (libc.so.6:__GI_strstr) redirected to 0x4c37760 (__strstr_sse2)
--11303-- REDIR: 0x4fca590 (libc.so.6:__strlen_avx2) redirected to 0x4c32cf0 (strlen)
==11303== Conditional jump or move depends on uninitialised value(s)
==11303==    at 0x108EBF: add_to_hashmap (spell.c:104)
==11303==    by 0x108FD8: load_dictionary (spell.c:141)
==11303==    by 0x1090C1: main (in /vagrant/spell_check)
==11303==  Uninitialised value was created by a stack allocation
==11303==    at 0x10904F: main (in /vagrant/spell_check)
==11303== 
--11303-- REDIR: 0x4ed3950 (libc.so.6:free) redirected to 0x4c30cd0 (free)
--11303-- REDIR: 0x4fc6f80 (libc.so.6:__strcasecmp_avx) redirected to 0x4c335f0 (strcasecmp)
--11303-- REDIR: 0x4fca1d0 (libc.so.6:__strchrnul_avx2) redirected to 0x4c37020 (strchrnul)
--11303-- REDIR: 0x4fcaab0 (libc.so.6:__mempcpy_avx_unaligned_erms) redirected to 0x4c37130 (mempcpy)
==11303== 
==11303== HEAP SUMMARY:
==11303==     in use at exit: 6,895,912 bytes in 123,136 blocks
==11303==   total heap usage: 246,271 allocs, 123,135 frees, 8,094,387 bytes allocated
==11303== 
==11303== Searching for pointers to 123,136 not-freed blocks
==11303== Checked 81,352 bytes
==11303== 
==11303== 24 bytes in 4 blocks are definitely lost in loss record 1 of 4
==11303==    at 0x4C2FB0F: malloc (in /usr/lib/valgrind/vgpreload_memcheck-amd64-linux.so)
==11303==    by 0x108B49: check_word (spell.c:13)
==11303==    by 0x108DBB: check_words (spell.c:82)
==11303==    by 0x1090FB: main (in /vagrant/spell_check)
==11303== 
==11303== 552 bytes in 1 blocks are still reachable in loss record 2 of 4
==11303==    at 0x4C2FB0F: malloc (in /usr/lib/valgrind/vgpreload_memcheck-amd64-linux.so)
==11303==    by 0x4EBAE49: __fopen_internal (iofopen.c:65)
==11303==    by 0x4EBAE49: fopen@@GLIBC_2.2.5 (iofopen.c:89)
==11303==    by 0x1090D4: main (in /vagrant/spell_check)
==11303== 
==11303== 6,795,488 bytes in 121,348 blocks are indirectly lost in loss record 3 of 4
==11303==    at 0x4C2FB0F: malloc (in /usr/lib/valgrind/vgpreload_memcheck-amd64-linux.so)
==11303==    by 0x108E7F: add_to_hashmap (spell.c:98)
==11303==    by 0x108FD8: load_dictionary (spell.c:141)
==11303==    by 0x1090C1: main (in /vagrant/spell_check)
==11303== 
==11303== 6,895,336 (99,848 direct, 6,795,488 indirect) bytes in 1,783 blocks are definitely lost in loss record 4 of 4
==11303==    at 0x4C2FB0F: malloc (in /usr/lib/valgrind/vgpreload_memcheck-amd64-linux.so)
==11303==    by 0x108E7F: add_to_hashmap (spell.c:98)
==11303==    by 0x108FD8: load_dictionary (spell.c:141)
==11303==    by 0x1090C1: main (in /vagrant/spell_check)
==11303== 
==11303== LEAK SUMMARY:
==11303==    definitely lost: 99,872 bytes in 1,787 blocks
==11303==    indirectly lost: 6,795,488 bytes in 121,348 blocks
==11303==      possibly lost: 0 bytes in 0 blocks
==11303==    still reachable: 552 bytes in 1 blocks
==11303==         suppressed: 0 bytes in 0 blocks
==11303== 
==11303== ERROR SUMMARY: 1785 errors from 3 contexts (suppressed: 0 from 0)
==11303== 
==11303== 1783 errors in context 1 of 3:
==11303== Conditional jump or move depends on uninitialised value(s)
==11303==    at 0x108EBF: add_to_hashmap (spell.c:104)
==11303==    by 0x108FD8: load_dictionary (spell.c:141)
==11303==    by 0x1090C1: main (in /vagrant/spell_check)
==11303==  Uninitialised value was created by a stack allocation
==11303==    at 0x10904F: main (in /vagrant/spell_check)
==11303== 
==11303== ERROR SUMMARY: 1785 errors from 3 contexts (suppressed: 0 from 0)
